<?xml version="1.0" encoding="UTF-8"?>
<!-- Generated by org.testng.reporters.JUnitXMLReporter -->
<testsuite hostname="om-PC" name="Regression" tests="5" failures="0" timestamp="28 Jan 2020 12:14:24 GMT" time="0.045" errors="0">
  <testcase name="m1" time="0.013" classname="FirstSeleniumTest.TestNgParametersOfTestannotation"/>
  <testcase name="m2" time="0.002" classname="FirstSeleniumTest.TestNgParametersOfTestannotation"/>
  <testcase name="m3" time="0.001" classname="FirstSeleniumTest.TestNgParametersOfTestannotation"/>
  <testcase name="m4" time="0.001" classname="FirstSeleniumTest.TestNgParametersOfTestannotation"/>
  <testcase name="m5" time="0.001" classname="FirstSeleniumTest.TestNgParametersOfTestannotation"/>
</testsuite> <!-- Regression -->
